[    0.0000] Iitalizin crop subsys cpuset
[    0.000000] Initializing cgroup subsys cpu
[    0.000000] Initializing cgroup subsys cpuacct
[    0.000000] Linux ersion 4.4.0-142-generic (buildd@lgw01-amd64-033) (gcc version 5.4.0 20160609 (Ubuntu 5.4.0-6ubuntu1~16.04.10) ) #168-Ubuntu SMP Wed Jan  2:00:45 UTC 2019 (Ubuntu 4.4.0-142.1168-generic 4.4.167)
[    0.000000] mmndline: BOOTIMGE/bot/vmlinuz-4.4.0-142-generic root=LABEL=cloudimg-rootfs ro console=tty1 console=ttyS0
[    0.000000] KERNEL supported cpus:
[    0.000000]   Intel GenuineIntel
[    0.000000]   AMD AuthenticAMD
[    0.000000]   Centaur CentaurHauls
[    0.000000] x86/fpu: xstate_offset[2]:  576, xstatee_size2]  25
[    0.0000 x86fpu: Spprtin XAVE feature 0x01: 'x87 floating point registers'
[    0.000000] x86/fpu: Supporting XSAVE feature 0x02: 'SSE registers'
[    0.000000] x86/fpu: Supporting XSAVE feature 0x04: 'AVX registers'
[    0.000000] x86/fpu: Enabled xstate features 0x7, context size is 832 bytes, using 'standard' format.
[    0.000000] e820: BIOS-provided physica RAM map:
[    0.0000] BIS-820:[mm 0x0000000000000000-0x000000000fbf] uable
[   .0000] BIOS-e820: [mem 0x000000000009fc00-0x000000000009ffff] reserved
[    0.000000] BIOS-e820: [mem 0x00000000000f0000-0x00000000000fffff] reserved
[    0.000000] BIOS-e820: [mem 0x000000000100000-0xx000000007ffeffff] usable
[    0.000000] BIOS-e820: [mem 0x000000007fff0000-0x000000007fffffff] ACPI data
[    0.000000] BIOS-e820: [mem 0x00000000fec00000-0x00000000fec00fff] reserved
[    0.000000] BIOS-e820: [mem0x00000000fee00000-0x00000000fee00fff] reserved
[    0.000000] BIOS-e820: [mem 0x00000000fffc0000-0x00000000ffffffff] reserved
[    0.000000] NX (Execute Disable) protection: active
[    0.000000] SMBIOS 2.5 present.
[    0.000000] Hypervisor detected: KVM
[    0.00000] e820: last_pfn = 0x7fff0 max_arch_pfn = 0x400000000
[    0.000000] MTRR:Disable
   0.0000]x86/PAT: MTRRs disabled, skippingATinitialization to.
[   0.0000] PUMTRRs al bank - irtalizedystem.
[    0.000000] x86/PAT: Configuration [0-7]: WB  WT  UC- UC  WB  WT  UC- UC  
[    0.000000] found SMP MP-table at [mem 0x0009fff0-0x0009ffff] mapped at [ffff88000009fff0]
[    0.000000] Scanning 1 areas for low memory corruption
[    0.000000] RAMDISK: [mem 0x3630a000-0x3717cfff]
[    0.000000] ACPI: Early table checksum verification disabled
[    0.000000] ACPI: RSDP 0x00000000000E0000 000024 (v02 VBOX  )
[    0.000000] ACPI: SDT 0x000000007FFF0030 00003Cv0 VOX   VBOXST 00000001 ASL  00000061)
[    0.000000] ACPI: FACP 0x000000007FFF00F0 0000F4 (v04 VBOX   VBOXFACP 00000001 ASL  00000061)
[    0.000000] ACPI: DSDT 0x000000007FFF0470 0021FF (v02 VBOX   VBOXBIOS 00000002 INTL 20100528)
[    0.000000] ACPI: FACS 0x000000007FFF0200 000040
[    0.000000] ACPI: FACS 0x000000007FFF0200 000040
[    0.000000] ACPI: APIC 0x000000007FFF0240 00005C (v02 VBOX   VBOXAPIC 00000001 ASL  00000061)
[    0.000000] ACPI: SSDT 0x000000007FFF02A0 0001CC (v01 VBOX   VBOXCPUT 00000002 INTL 20100528)
[    0.000000] No NUMA configuraion fond
[   0.00000] Faking a node at [em0x000000000000-0000000007ffeffff]
[    0.000000] NODE_DATA(0) allocated [mem 0x7ffeb000-0x7ffeffff]
[    0.000000] kvm-clock: Using msrs 4b564d01 and 4b564d00
[    0.000000] kvm-clock: cpu 0, msr 0:7ffe3001, primary cpu clock
[    0.000000] kvm-clock:usngsche offset of 3812673 cyles
[   0.0000 clocksour: kvm-clock: mask: 0xffffffffffffffff max_cycles: 0x1cd42e4dffb, max_idle_ns: 881590591483 ns
[    0.000000] Zone ranges:
[    0.000000]   DMA      [mem 0x0000000000001000-0x0000000000ffffff]
[    0.000000]   DMA32    [mem 0x0000000001000000-0x000000007ffeffff]
[    0.000000]   Normal   empty
[    0.000000]   Device   empty
[    0.000000] Movable zone start for each node
[    0.000000] Early memory node ranges
[    0.000000]   node   0: [mem 0x0000000000001000-0x000000000009efff]
[    0.000000]   node   0: [mem 0x0000000000100000-0x000000007ffeffff]
[    0.000000] Initmem setup node 0 [mem 0x0000000000001000-0x000000007ffeffff]
[    0.000000] ACPI: P-TimerIOPot:0x4008
[    0.000000] IOAPIC[0] api_id , ersion32, address 0xfec00000, GSI 0-23
[    0.000000] ACPI: INT_SRC_OVR (bus 0 bus_irq 0 global_irq 2 dfl dfl)
[    0.000000] ACPI: INT_SRC_OVR (bus 0 bus_irq 9 global_irq 9 low level)
[    0.000000] Using ACPI (MADT) for SMP configuration information
[    0.000000] smpbot: Aloing 2 CPUs,  htplug CPUs
[    0.000000] PM: Registered nosave memory: [mem 0x00000000-0x00000fff]
[    0.000000] PM: Registered nosave memory: [mem 0x0009f000-0x0009ffff]
[    0.000000] PM: Registered nosave memory: [mem 0x000a0000-0x000effff]
[    0.000000] PM: Registered nosave memory: [mem 0x000f0000-0x000fffff]
[    0.000000] e820: [mem 0x80000000-0xfebfffff] available for PCI devices
[    0.000000] Booting paravirtualized kernel on KVM
[    0.000000] clocksource: refined-jiffies: mask: 0xffffffff max_cycles: 0xffffffff, max_idle_ns: 7645519600211568 ns
[    0.000000] setup_percpu: NR_CPUS:512 nr_cpumask_bits:512 nr_cpu_ids:2 nr_node_ids:1
[    0.000000] PERCPU: Embedded 34 pages/cpu @ffff88007fc00000 s99480 r8192 d31592 u1048576
[    0.000000] Built 1 zonelists in Node order, mobility grouping on.  Total pages: 515960
[    0.000000] Policy zone: DMA32
[    0.000000] Kernel command line: BOOT_IMAGE=/boot/vmlinuz-4.4.0-142-generic root=LABEL=cloudimg-rootfs ro onsole=tty1 console=ttyS0
[    0.000000] PID hash table entries: 4096 (order: 3, 32768 bytes)
[    0.000000] Memory: 2029928K/2096696K available (8603K kernel code, 1332K rwdata, 4004K rodata, 1484K init, 1316K bss, 66768K reserved, 0K cma-reserved)
[    0.000000] SLUB: HWalign=64, Order=0-3, MinObjects=0, CPUs=2, Nodes=1
[    0.000000] Kernel/User page tables isolation: enabled
[    0.000000] Hierarchical RCU implementation.
[    0.000000] 	Build-time austment of leaf fanout to 64.
[    0.000000] 	RCU restricting CPUs from NR_CPUS=512 to nr_cpu_ids=2.
[    0.000000] RCU: Adjusting geometry for rcu_fanout_leaf=64, nr_cpu_ids=2
[    0.000000] NR_IRQS:33024 nr_irqs:440 16
[    0.000000] Console: colour VGA+ 80x25
[    0.000000] console [tty1] enabled
[    0.000000] console [ttyS0] enabled
[    0.000000] tsc: Detected 1607.999 MHz processor
[    2.008402] Calibrating delay loop (skipped) preset value.. 3215.99 BogoMIPS (lpj=6431996)
[    2.1124 pid_max: default: 32768 minimum: 301
[    2.076511] ACPI: Core revision 20150930
[    2.079930] ACPI: 2 ACPI AML tables successfully acquired and loaded
[    2.092587] Security Framework initialized
[    2.109665] Yama: becoming mindful.
[    2.129459] AppArmor: AppArmor initialized
[    2.139389] Dentry cache hash table entries: 262144 (order: 9, 2097152 bytes)
[    2.142237] Inode-cache hash table entries: 131072 (order: 8, 1048576 bytes)
[    2.186190] Mount-cache hash table entries: 4096 (order: 3, 32768 bytes)
[    2.209400] Mountpoint-cache hash table entries: 4096 (order: 3, 32768 bytes)
[    2.216600] Initializing cgroup subsys io
[    2.241497] Initializing cgroup subsys memory
[    2.263904] Initializing cgroup subsys devices
[    2.288917] Initializing cgroup subsys freezer
[    2.296806] Initializing cgroup subsys net_cls
[    2.308685] Initializing cgroup subsys perf_event
[    2.334199] Initializing cgroup subsys net_prio
[    2.336031] Initializing cgroup subsys hugetlb
[    2.349324] Initializing cgroup subsys pids
[    2.370020] mce: CPU supports 0 MCE banks
[    2.377231] Last level iTLB entries: 4KB 64, 2MB 8, 4MB 8
[    2.385050] Last level dTLB entries: 4KB 64, 2MB 0, 4MB 0, 1GB 4
[    2.387375] Spectre V2 : Mitigation: Full generic retpoline
[    2.389506] Spectre V2 : Spectre v2 / SpectreRSB mitigation: Filling RSB on context switch
[    2.392485] Speculative Store Bypass: Vulnerable
[    2.402537] Freeing SMP alternatives memory: 32K
[    2.419995] ftrace: allocating 32277 entries in 127 pages
[    2.489154] smpboot: APIC(0) Converting physical 0 to logical package 0
[    2.503036] smpboot: Max logical packages: 1
[    2.505136] x2apic enabled
[    2.532089] Switched APIC routing to physical x2apic.
[    2.543123] ..TIMER: vector=0x30 apic1=0 pin1=2 apic2=-1 pin2=-1
[    2.666868] smpboot: CPU0: Intel(R) Core(TM) i5-8210Y CPU @ 1.60GHz (family: 0x6, model: 0x8e, stepping: 0x9)
[    2.682379] Performance Events: unsupported p6 CPU model 142 no PMU driver, software events only.
[    2.701514] KVM setup paravirtual spinlock
[    2.714007] x86: Booting SMP configuration:
[    2.724786] .... node  #0, CPUs:      #1
[    2.726361] kvm-clock: cpu 1, msr 0:7ffe3041, secondary cpu clock
[    2.729686] mce: CPU supports 0 MCE banks
[    2.732921] x86: Booted up 1 node, 2 CPUs
[    2.734472] smpboot: Total of 2 processors activated (6431.99 BogoMIPS)
[    2.743699] devtmpfs: initialized
[    2.758610] evm: security.selinux
[    2.765794] evm: security.SMACK64
[    2.775831] evm: security.SMACK64EXEC
[    2.788140] evm: security.SMACK64TRANSMUTE
[    2.802569] evm: security.SMACK64MMAP
[    2.821280] evm: security.ima
[    2.834083] evm: security.capability
[    2.835829] clocksource: jiffies: mask: 0xffffffff max_cycles: 0xffffffff, max_idle_ns: 7645041785100000 ns
[    2.855816] futex hash table entries: 512 (order: 3, 32768 bytes)
[    2.874760] pinctrl core: initialized pinctrl subsystem
[    2.937867] RTC time: 21:53:53, date: 02/17/19
[    2.964238] NET: Registered protocol family 16
[    2.991532] cpuidle: using governor ladder
[    3.004074] cpuidle: using governor menu
[    3.005784] PCCT header not found.
[    3.007353] ACPI: bus type PCI registered
[    3.009318] acpiphp: ACPI Hot Plug PCI Controller Driver version: 0.5
[    3.012661] PCI: Using configuration type 1 for base access
[    3.029020] ACPI: Added _OSI(Module Device)
[    3.040006] ACPI: Added _OSI(Processor Device)
[    3.042855] ACPI: Added _OSI(3.0 _SCP Extensions)
[    3.046123] ACPI: Added _OSI(Processor Aggregator Device)
[    3.051716] ACPI: Executed 1 blocks of module-level executable AML code
[    3.060075] ACPI: Interpreter enabled
[    3.064021] ACPI: (supports S0 S5)
[    3.066293] ACPI: Using IOAPIC for interrupt routing
[    3.070150] PCI: Using host bridge windows from ACPI; if necessary, use "pci=nocrs" and report a bug
[    3.084083] ACPI: PCI Root Bridge [PCI0] (domain 0000 [bus 00-ff])
[    3.093173] acpi PNP0A03:00: _OSC: OS supports [ASPM ClockPM Segments MSI]
[    3.097890] acpi PNP0A03:00: _OSC: not requesting OS control; OS requires [ExtendedConfig ASPM ClockPM MSI]
[    3.135988] acpi PNP0A03:00: fail to add MMCONFIG information, can't access extended PCI configuration space under this bridge.
[    3.155539] PCI host bridge to bus 0000:00
[    3.157186] pci_bus 0000:00: root bus resource [io  0x0000-0x0cf7 window]
[    3.168878] pci_bus 0000:00: root bus resource [io  0x0d00-0xffff window]
[    3.202651] pci_bus 0000:00: root bus resource [mem 0x000a0000-0x000bffff window]
[    3.251738] pci_bus 0000:00: root bus resource [mem 0x80000000-0xfdffffff window]
[    3.286367] pci_bus 0000:00: root bus resource [bus 00-ff]
[    3.320345] pci 0000:00:01.1: legacy IDE quirk: reg 0x10: [io  0x01f0-0x01f7]
[    3.364844] pci 0000:00:01.1: legacy IDE quirk: reg 0x14: [io  0x03f6]
[    3.380905] pci 0000:00:01.1: legacy IDE quirk: reg 0x18: [io  0x0170-0x0177]
[    3.429441] pci 0000:00:01.1: legacy IDE quirk: reg 0x1c: [io  0x0376]
[    3.513175] pci 0000:00:07.0: quirk: [io  0x4000-0x403f] claimed by PIIX4 ACPI
[    3.551628] pci 0000:00:07.0: quirk: [io  0x4100-0x410f] claimed by PIIX4 SMB
[    3.619511] ACPI: PCI Interrupt Link [LNKA] (IRQs 5 9 10 *11)
[    3.645540] ACPI: PCI Interrupt Link [LNKB] (IRQs 5 9 *10 11)
[    3.672351] ACPI: PCI Interrupt Link [LNKC] (IRQs 5 *9 10 11)
[    3.689098] ACPI: PCI Interrupt Link [LNKD] (IRQs 5 9 10 *11)
[    3.733442] ACPI: Enabled 2 GPEs in block 00 to 07
[    3.759285] vgaarb: setting as boot device: PCI:0000:00:02.0
[    3.783852] vgaarb: device added: PCI:0000:00:02.0,decodes=io+mem,owns=io+mem,locks=none
[    3.823566] vgaarb: loaded
[    3.824786] vgaarb: bridge control possible 0000:00:02.0
[    3.832714] SCSI subsystem initialized
[    3.863474] ACPI: bus type USB registered
[    3.903233] usbcore: registered new interface driver usbfs
[    3.923511] usbcore: registered new interface driver hub
[    3.936483] usbcore: registered new device driver usb
[    3.944874] PCI: Using ACPI for IRQ routing
[    3.946768] NetLabel: Initializing
[    3.947954] NetLabel:  domain hash size = 128
[    3.949351] NetLabel:  protocols = UNLABELED CIPSOv4
[    3.958028] NetLabel:  unlabeled traffic allowed by default
[    3.974591] amd_nb: Cannot enumerate AMD northbridges
[    3.998764] clocksource: Switched to clocksource kvm-clock
[    43780] AppArmor: AppArmor Filesystem Enabled
[    4.115867] pnp: PnP ACPI init
[    4.118527] pnp: PnP ACPI: found 3 devices

[    4.136374] clocksource: acpi_pm: mask: 0xffffff max_cycles: 0xffffff, max_idle_ns: 2085701024 ns
[    4.185177] NET: Registered protocol family 2
[   4.18883] TP estaliedhah bl etres 1384 (order: 5, 131072 bytes)
[    4.545670] TCP bind hash table entries: 16384 (order: 6, 262144 bytes)
[    4.548210] TCP: Hash tables configured (established 16384 bind 16384)
[    4.550218] UDP hash table entries: 1024 (order: 3, 32768 bytes)
[    4.552059] UDP-Lite hash table entries: 1024 (order: 3, 32768 bytes)
[    4.554039] NET: Registered protocol family 1
[    4.555469] pci 0000:00:00.0: Limiting direct PCI/PCI transfers
[    4.557302] pci 0000:00:01.0: Activating ISA DMA hang workarounds
[    4.559378] Unpacking initramfs...

[    4.768204] Freeing initrd memory: 14796K
[    4.780372] platform rtc_cmos: registered platform RTC device (no PNP device found)
[    4.787935] Scanning for low memory corruption every 60 seconds
[    4.790467] audit: initializing netlink subsys (disabled)
[    4.797568] audit: type=2000 audit(1550440438.014:1): initialized
[    4.811869] Initialise system trusted keyring
[    4.819638] HugeTLB registered 2 MB page size, pre-allocated 0 pages
[    4.823726] zbud: loaded
[    4.831156] VFS: Disk quotas dquot_6.6.0
[    4.840333] VFS: Dquot-cache hash table entries: 512 (order 0, 4096 bytes)
[    4.866615] squashfs: version 4.0 (2009/01/31) Phillip Lougher
[    4.890069] fuse init (API version 7.23)
[    4.905213] Key type big_key registered
[    4.921504] Allocating IMA MOK and blacklist keyrings.
[    4.925699] Key type asymmetric registered
[    4.927071] Asymmetric key parser 'x509' registered
[    4.942503] Block layer SCSI generic (bsg) driver version 0.4 loaded (major 249)
[    4.945678] io scheduler noop registered
[    4.952841] io scheduler deadline registered (default)
[    4.954871] io scheduler cfq registered
[    4.964552] pci_hotplug: PCI Hot Plug PCI Core version: 0.5
[    4.966707] pciehp: PCI Express Hot Plug Controller Driver version: 0.4
[    4.974111] ACPI: AC Adapter [AC] (off-line)
[    4.981761] input: Power Button as /devices/LNXSYSTM:00/LNXPWRBN:00/input/input0
[    4.990257] ACPI: Power Button [PWRF]
[    4.992003] input: Sleep Button as /devices/LNXSYSTM:00/LNXSLPBN:00/input/input1
[    4.995018] ACPI: Sleep Button [SLPF]
[    5.029540] GHES: HEST is not enabled!
[    5.030917] ACPI: Battery Slot [BAT0] (battery present)
[    5.033613] Serial: 8250/16550 driver, 32 ports, IRQ sharing enabled
[    5.085241] 00:02: ttyS0 at I/O 0x3f8 (irq = 4, base_baud = 115200) is a 16550A
[    5.097370] Linux agpgart interface v0.103
[    5.103035] loop: module loaded
[    5.104859] scsi host0: ata_piix
[    5.106194] scsi host1: ata_piix
[    5.147384] ata1: PATA max UDMA/33 cmd 0x1f0 ctl 0x3f6 bmdma 0xd000 irq 14
[    5.167019] ata2: PATA max UDMA/33 cmd 0x170 ctl 0x376 bmdma 0xd008 irq 15
[    5.186176] libphy: Fixed MDIO Bus: probed
[    5.189015] tun: Univrsl TUN/TAP device driver, 1.6
[    5.239397] tun: (C) 1999-2004 Max Krasnyansky <maxk@qualcomm.com>

[    5.241828] PPP generic driver version 2.4.2
[    5.243485] ehci_hcd: USB 2.0 'Enhanced' Host Controller (EHCI) Driver
[    5.246034] ehci-pci: EHCI PCI platform driver
[    5.247581] ehci-platform: EHCI generic platform driver
[    5.249217] ohci_hcd: USB 1.1 'Open' Host Controller (OHCI) Driver
[    5.251442] ohci-pci: OHCI PCI platform driver
[    5.253222] ohci-platform: OHCI generic platform driver
[    5.254938] uhci_hcd: USB Universal Host Controller Interface driver
[    5.257020] i8042: PNP: PS/2 Controller [PNP0303:PS2K,PNP0f03:PS2M] at 0x60,0x64 irq 1,12
[    5.260154] serio: i8042 KBD port at 0x60,0x64 irq 1
[    5.267421] serio: i8042 AUX port at 0x60,0x64 irq 12
[    5.270335] mousedev: PS/2 mouse device common for all mice
[    5.286517] input: AT Translated Set 2 keyboard as /devices/platform/i8042/serio0/input/input2
[    5.291935] rtc_cmos rtc_cmos: rtc core: registered rtc_cmos as rtc0
[    5.292040] rtc_cmos rtc_cmos: alarms up to one day, 114 bytes nvram
[    5.292052] i2c /dev entries driver
[    5.292288] device-mapper: uevent: version 1.0.3
[    5.292435] device-mapper: ioctl: 4.34.0-ioctl (2015-10-28) initialised: dm-devel@redhat.com
[    5.292528] ledtrig-cpu: registered to indicate activity on CPUs
[    5.293310] NET: Registered protocol family 10
[    5.293791] NET: Registered protocol family 17
[    5.293804] Key type dns_resolver registered
[    5.294526] registered taskstats version 1
[    5.294570] Loading compiled-in X.509 certificates
[    5.296402] Loaded X.509 cert 'Build time autogenerated kernel key: bff73e56bc0efa7435b2a24f5427674623f1be80'
[    5.296508] zswap: loaded using pool lzo/zbud
[    5.300135] Key type trusted registered
[    5.307107] Key type encrypted registered
[    5.307114] AppArmor: AppArmor sha1 policy hashing enabled
[    5.307118] ima: No TPM chip found, activating TPM-bypass!
[    5.307124] ima: Allocated hash algorithm: sha1
[    5.307139] evm: HMAC attrs: 0x1
[    5.308264]   Magic number: 7:819:904
[    5.311957] rtc_cmos rtc_cmos: setting system clock to 2019-02-17 21:53:56 UTC (1550440436)
[    5.312267] BIOS EDD facility v0.16 2004-Jun-25, 0 devices found
[    5.312268] EDD information not available.
[    5.546446] Freeing unused kernel memory: 1484K
[    5.639447] Write protecting the kernel read-only data: 14336k
[    5.744178] Freeing unused kernel memory: 1624K
[    5.772725] Freeing unused kernel memory: 92K
[    5.779041] tsc: Refined TSC clocksource calibration: 1608.413 MHz
[    5.779044] clocksource: tsc: mask: 0xffffffffffffffff max_cycles: 0x172f3066b7d, max_idle_ns: 440795238913 ns
Loading, please wait...
[    5.983775] random: systemd-udevd: uninitialized urandom read (16 bytes read, 5 bits of entropy available)
starting version 229
[    5.984380] random: udevadm: uninitialized urandom read (16 bytes read, 5 bits of entropy available)
[    5.984399] random: udevadm: uninitialized urandom read (16 bytes read, 5 bits of entropy available)
[    5.991403] random: udevadm: uninitialized urandom read (16 bytes read, 5 bits of entropy available)
[    5.991446] random: udevadm: uninitialized urandom read (16 bytes read, 5 bits of entropy available)
[    5.991562] random: udevadm: uninitialized urandom read (16 bytes read, 5 bits of entropy available)
[    5.991605] random: udevadm: uninitialized urandom read (16 bytes read, 5 bits of entropy available)
[    5.991646] random: udevadm: uninitialized urandom read (16 bytes read, 5 bits of entropy available)
[    5.991690] random: udevadm: uninitialized urandom read (16 bytes read, 5 bits of entropy available)
[    5.991729] random: udevadm: uninitialized urandom read (16 bytes read, 5 bits of entropy available)
[    6.410821] Fusion MPT base driver 3.04.20
[    6.411497] e1000: Intel(R) PRO/1000 Network Driver - version 7.3.21-k8-NAPI
[    6.411498] e1000: Copyright (c) 1999-2006 Intel Corporation.
[    6.433038] Copyright (c) 1999-2008 LSI Corporation
[    6.456423] Fusion MPT SPI Host driver 3.04.20
[    6.501487] AVX2 version of gcm_enc/dec engaged.
[    6.503439] AES CTR mode by8 optimization enabled
[    6.700189] input: ImExPS/2 Generic Explorer Mouse as /devices/platform/i8042/serio1/input/input4
[    6.888111] e1000 0000:00:03.0 eth0: (PCI:33MHz:32-bit) 02:a9:46:80:4d:77
[    6.919569] e1000 0000:00:03.0 eth0: Intel(R) PRO/1000 Network Connection
[    6.924003] e1000 0000:00:03.0 enp0s3: renamed from eth0
[    6.948212] mptbase: ioc0: Initiating bringup
[    7.746870] ioc0: LSI53C1030 A0: Capabilities={Initiator}
[    9.151574] scsi host2: ioc0: LSI53C1030 A0, FwRev=00000000h, Ports=1, MaxQ=256, IRQ=20
[    9.817954] scsi 2:0:0:0: Direct-Access     VBOX     HARDDISK         1.0  PQ: 0 ANSI: 5
[   11.267286] scsi target2:0:0: Beginning Domain Validation
[   12.181877] scsi target2:0:0: Domain Validation skipping write tests
[   12.269795] scsi target2:0:0: Ending Domain Validation
[   12.272091] scsi target2:0:0: asynchronous
[   12.274531] scsi 2:0:1:0: Direct-Access     VBOX     HARDDISK         1.0  PQ: 0 ANSI: 5
[   12.277976] scsi target2:0:1: Beginning Domain Validation
[   12.325274] scsi target2:0:1: Domain Validation skipping write tests
[   12.347138] scsi target2:0:1: Ending Domain Validation
[   12.356518] scsi target2:0:1: asynchronous
[   12.375398] sd 2:0:0:0: Attached scsi generic sg0 type 0
[   12.395218] sd 2:0:0:0: [sda] 20971520 512-byte logical blocks: (10.7 GB/10.0 GiB)
[   12.400282] sd 2:0:1:0: Attached scsi generic sg1 type 0
[   12.401592] sd 2:0:1:0: [sdb] 20480 512-byte logical blocks: (10.5 MB/10.0 MiB)
[   12.401976] sd 2:0:1:0: [sdb] Write Protect is off
[   12.402185] sd 2:0:1:0: [sdb] Incomplete mode parameter data
[   12.402186] sd 2:0:1:0: [sdb] Assuming drive cache: write through
[   12.410433] sd 2:0:1:0: [sdb] Attached SCSI disk
[   12.462316] sd 2:0:0:0: [sda] Write Protect is off
[   12.467747] sd 2:0:0:0: [sda] Incomplete mode parameter data
[   12.489171] sd 2:0:0:0: [sda] Assuming drive cache: write through
[   12.493275]  sda: sda1
[   12.495653] sd 2:0:0:0: [sda] Attached SCSI disk
Begin: Loading e[   13.865955] md: linear personality registered for level -1
ssential drivers[   13.882825] md: multipath personality registered for level -4
 ... [   13.926356] md: raid0 personality registered for level 0
[   13.940105] md: raid1 personality registered for level 1
[   14.019002] raid6: sse2x1   gen()  9336 MB/s
[   14.134982] raid6: sse2x1   xor()  7367 MB/s
[   14.234988] raid6: sse2x2   gen() 11639 MB/s
[   14.315066] raid6: sse2x2   xor()  8024 MB/s
[   14.383359] raid6: sse2x4   gen()  7324 MB/s
[   14.478983] raid6: sse2x4   xor()  8221 MB/s
[   14.566839] raid6: avx2x1   gen() 21604 MB/s
[   14.638949] raid6: avx2x2   gen() 22781 MB/s
[   14.710998] raid6: avx2x4   gen() 26962 MB/s
[   14.748844] raid6: using algorithm avx2x4 gen() 26962 MB/s
[   14.796791] raid6: using avx2x2 recovery algorithm
[   14.819336] xor: automatically using best checksumming function:
[   14.895175]    avx       : 33959.000 MB/sec
[   14.908396] async_tx: api initialized (async)
[   14.931654] md: raid6 personality registered for level 6
[   14.941272] md: raid5 personality registered for level 5
[   14.954415] md: raid4 personality registered for level 4
[   14.974509] md: raid10 personality registered for level 10
done.
Begin: Running /scripts/init-premount ... done.
Begin: Mounting root file system ... Begin: Running /scripts/local-top ... do[   15.042423] Btrfs loaded
ne.
Begin: Running /scripts/local-premount ... Scanning for Btrfs filesystems
done.
Warning: fsck no[   15.107379] EXT4-fs (sda1): mounted filesystem with ordered data mode. Opts: (null)
t present, so skipping root file system
done.
Begin: Running /scripts/local-bottom ... done.
Begin: Running /scripts/init-bottom ... done.
[   15.223641] systemd[1]: systemd 229 running in system mode. (+PAM +AUDIT +SELINUX +IMA +APPARMOR +SMACK +SYSVINIT +UTMP +LIBCRYPTSETUP +GCRYPT +GNUTLS +ACL +XZ -LZ4 +SECCOMP +BLKID +ELFUTILS +KMOD -IDN)
[   15.441854] systemd[1]: Detected virtualization oracle.
[   15.443692] systemd[1]: Detected architecture x86-64.

Welcome to [1mUbuntu 16.04.5 LTS[0m!

[   15.451829] systemd[1]: Set hostname to <ubuntu>.
[   15.454762] systemd[1]: Initializing machine ID from random generator.
[   15.457396] systemd[1]: Installed transient /etc/machine-id file.
[   15.611464] systemd[1]: Listening on udev Kernel Socket.
[[0;32m  OK  [0m] Listening on udev Kernel Socket.
[   15.640814] systemd[1]: Listening on Syslog Socket.
[[0;32m  OK  [0m] Listening on Syslog Socket.
[   15.694274] systemd[1]: Created slice User and Session Slice.
[[0;32m  OK  [0m] Created slice User and Session Slice.
[   15.775876] systemd[1]: Listening on Journal Socket.
[[0;32m  OK  [0m] Listening on Journal Socket.
[   15.812730] systemd[1]: Set up automount Arbitrary Executable File Formats File System Automount Point.
[[0;32m  OK  [0m] Set up automount Arbitrary Executab...ats File System Automount Point.
[   15.883766] systemd[1]: Started Trigger resolvconf update for networkd DNS.
[[0;32m  OK  [0m] Started Trigger resolvconf update for networkd DNS.
[   15.987995] systemd[1]: Created slice System Slice.
[[0;32m  OK  [0m] Created slice System Slice.
[   16.033863] systemd[1]: Reached target Slices.
[[0;32m  OK  [0m] Reached target Slices.
[   16.107606] systemd[1]: Mounting POSIX Message Queue File System...
         Mounting POSIX Message Queue File System...
[   16.163395] systemd[1]: Starting Load Kernel Modules...
[   16.175022] Loading iSCSI transport class v2.0-870.
         Starting Load Kernel Modules...
[   16.182435] systemd[1]: Starting Create list of required static device nodes for the current kernel...
         Starting Create list of required st... nodes for the current kernel...
[   16.190702] systemd[1]: Starting Uncomplicated firewall...
[   16.197768] iscsi: registered transport (tcp)
[   16.2028 rndm: nonblocking pool is initiizd
         Starting Uncomplicated firewall...
[   16.446025] iscsi: registered transport (iser)
[   16.465275] systemd[1]: Starting Remount Root and Kernel File Systems...
[   16.468351] EXT4-fs (sda1): re-mounted. Opts: (null)
         Starting Remount Root and Kernel File Systems...
[   16.492535] systemd[1]: Listening on Device-mapper event daemon FIFOs.
[[0;32m  OK  [0m] Listening on Device-mapper event daemon FIFOs.
[   16.544715] systemd[1]: Listening on LVM2 poll daemon socket.
[[0;32m  OK  [0m] Listening on LVM2 poll daemon socket.
[   16.583642] systemd[1]: Started Forward Password Requests to Wall Directory Watch.
[[0;32m  OK  [0m] Started Forward Password Requests to Wall Directory Watch.
[   16.589780] systemd[1]: Reached target User and Group Name Lookups.
[[0;32m  OK  [0m] Reached target User and Group Name Lookups.
[   16.594631] systemd[1]: Reached target Swap.
[[0;32m  OK  [0m] Reached target Swap.
[   16.598714] systemd[1]: Listening on /dev/initctl Compatibility Named Pipe.
[[0;32m  OK  [0m] Listening on /dev/initctl Compatibility Named Pipe.
[   16.618629] systemd[1]: Listening on Journal Audit Socket.
[[0;32m  OK  [0m] Listening on Journal Audit Socket.
[   16.629835] systemd[1]: Created slice system-serial\x2dgetty.slice.
[[0;32m  OK  [0m] Created slice system-serial\x2dgetty.slice.
[   16.638594] systemd[1]: Listening on udev Control Socket.
[[0;32m  OK  [0m] Listening on udev Control Socket.
[   16.667188] systemd[1]: Mounting Debug File System...
         Mounting Debug File System...
[   16.681730] systemd[1]: Reached target System Time Synchronized.
[[0;32m  OK  [0m] Reached target System Time Synchronized.
[   16.723655] systemd[1]: Mounting Huge Pages File System...
         Mounting Huge Pages File System...
[   16.742732] systemd[1]: Listening on LVM2 metadata daemon socket.
[[0;32m  OK  [0m] Listening on LVM2 metadata daemon socket.
[   16.823355] systemd[1]: Starting Monitoring of LVM2 mirrors, snapshots etc. using dmeventd or progress polling...
         Starting Monitoring of LVM2 mirrors... dmeventd or progress polling...
[   16.856921] systemd[1]: Listening on Journal Socket (/dev/log).
[[0;32m  OK  [0m] Listening on Journal Socket (/dev/log).
[   16.967622] systemd[1]: Starting Nameserver information manager...
         Starting Nameserver information manager...
[   17.004133] systemd[1]: Starting Set console keymap...
         Starting Set console keymap...
[   17.039621] systemd[1]: Reached target Encrypted Volumes.
[[0;32m  OK  [0m] Reached target Encrypted Volumes.
[   17.079567] systemd[1]: Starting Journal Service...
         Starting Journal Service...
[   17.087740] systemd[1]: Mounted Huge Pages File System.
[[0;32m  OK  [0m] Mounted Huge Pages File System.
[   17.119939] systemd[1]: Mounted Debug File System.
[[0;32m  OK  [0m] Mounted Debug File System.
[   17.140891] systemd[1]: Mounted POSIX Message Queue File System.
[[0;32m  OK  [0m] Mounted POSIX Message Queue File System.
[   17.247573] systemd[1]: Started Journal Service.
[[0;32m  OK  [0m] Started Journal Service.
[[0;32m  OK  [0m] Started Load Kernel Modules.
[[0;32m  OK  [0m] Started Create list of required sta...ce nodes for the current kernel.
[[0;32m  OK  [0m] Started Uncomplicated firewall.
[[0;32m  OK  [0m] Started Remount Root and Kernel File Systems.
[[0;32m  OK  [0m] Started Set console keymap.
[[0;32m  OK  [0m] Started Nameserver information manager.
[[0;32m  OK  [0m] Started LVM2 metadata daemon.
         Starting Load/Save Random Seed...
         Starting udev Coldplug all Devices...
         Starting Create Static Device Nodes in /dev...
         Mounting FUSE Control File System...
         Starting Apply Kernel Variables...
         Starting Flush Journal to Persistent Storage...
[[0;32m  OK  [0m] Mounted FUSE Control File System.
[[0;32m  OK  [0m] Started Load/Save Random Seed.
[[0;32m  OK  [0m] Started Create Static Device Nodes in /dev.
[[0;32m  OK  [0m] Started Apply Kernel Variables.
[[0;32m  OK  [0m] Started Flush Journal to Persistent Storage.
[[0;32m  OK  [0m] Started udev Coldplug all Devices.
         Starting udev Kernel Device Manager...
[[0;32m  OK  [0m] Started udev Kernel Device Manager.
[[0;32m  OK  [0m] Started Dispatch Password Requests to Console Directory Watch.
[[0;32m  OK  [0m] Found device /dev/ttyS0.
[[0;32m  OK  [0m] Started Monitoring of LVM2 mirrors,...ng dmeventd or progress polling.
[[0;32m  OK  [0m] Reached target Local File Systems (Pre).
[[0;32m  OK  [0m] Reached target Local File Systems.
         Starting Create Volatile Files and Directories...
         Starting Commit a transient machine-id on disk...
         Starting Set console font and keymap...
         Starting Tell Plymouth To Write Out Runtime Data...
         Starting Initial cloud-init job (pre-networking)...
         Starting LSB: AppArmor initialization...
[[0;32m  OK  [0m] Listening on Load/Save RF Kill Switch Status /dev/rfkill Watch.
[[0;32m  OK  [0m] Started Create Volatile Files and Directories.
[[0;32m  OK  [0m] Started Tell Plymouth To Write Out Runtime Data.
         Starting Update UTMP about System Boot/Shutdown...
[[0;32m  OK  [0m] Started Commit a transient machine-id on disk.
[[0;32m  OK  [0m] Started Update UTMP about System Boot/Shutdown.
[   15.846377] cloud-init[518]: Cloud-init v. 18.4-0ubuntu1~16.04.2 running 'init-local' at Sun, 17 Feb 2019 21:54:10 +0000. Up 15.40 seconds.
[[0;32m  OK  [0m] Started LSB: AppArmor initialization.
[[0;32m  OK  [0m] Started Initial cloud-init job (pre-networking).
[[0;32m  OK  [0m] Reached target Network (Pre).
         Starting Raise network interfaces...
[[0;32m  OK  [0m] Started Set console font and keymap.
[[0;32m  OK  [0m] Created slice system-getty.slice.
[[0;32m  OK  [0m] Started Raise network interfaces.
         Starting Initial cloud-init job (metadata service crawler)...
[[0;32m  OK  [0m] Reached target Network.
[   17.295100] cloud-init[930]: Cloud-init v. 18.4-0ubuntu1~16.04.2 running 'init' at Sun, 17 Feb 2019 21:54:11 +0000. Up 16.71 seconds.
[   17.300627] cloud-init[930]: ci-info: ++++++++++++++++++++++++++++++++++++++Net device info++++++++++++++++++++++++++++++++++++++
[   17.306133] cloud-init[930]: ci-info: +--------+------+----------------------------+---------------+--------+-------------------+
[   17.330036] cloud-init[930]: ci-info: | Device |  Up  |          Address           |      Mask     | Scope  |     Hw-Address    |
[   17.339014] cloud-init[930]: ci-info: +--------+------+----------------------------+---------------+--------+-------------------+
[[0;32m  OK  [0m] Started Initial cloud-init job (metadata service crawler).
[   17.414831] [[0;32m  OK  [0m] Reached target Network is Online.
cloud-init[930]: ci-info: | enp0s3 | True |         10.0.2.15          | 255.255.255.0 | global | 02:a9:46:80:4d:77 |
         Starting iSCSI initiator daemon (iscsid)...
[[0;32m  OK  [0m] Reached target System Initialization.
[[0;32m  OK  [0m] Listening on UUID daemon activation socket.
[[0;32m  OK  [0m] Started Daily apt download activities.
[[0;32m  OK  [0m] Listening on D-Bus System Message Bus Socket.
[   17.576437] cloud-init[930]: ci-info: | enp0s3 | True | fe80::a9:46ff:fe80:4d77/64 |       .       |  link  | 02:a9:46:80:4d:77 |
         Starting LXD - unix socket.
         [   17.679439] cloud-init[930]: ci-info: |   lo   | True |         127.0.0.1          |   255.0.0.0   |  host  |         .         |
Starting Socket activation for snappy daemon.
[   17.692643] cloud-init[930]: ci-info: |   lo   | True |          ::1/128           |       .       |  host  |         .         |
[   17.718065] cloud-init[930]: ci-info: +--------+------+----------------------------+---------------+--------+-------------------+
[[0;32m  OK  [0m] Started Daily Cleanup of Temporary Directories.
[   17.719411] cloud-init[930]: ci-info: +++++++++++++++++++++++++++Route IPv4 info++++++++++++++++++++++++++++
[[0;32m  OK  [0m] [   17.740248] cloud-init[930]: ci-info: +-------+-------------+----------+---------------+-----------+-------+
Started Daily apt upgrade and clean activities.[   17.743348] cloud-init[930]: ci-info: | Route | Destination | Gateway  |    Genmask    | Interface | Flags |

[[   17.745227] cloud-init[930]: ci-info: +-------+-------------+----------+---------------+-----------+-------+
[0;32m  OK  [0m] Reached target Timers.
[   17.760578] cloud-init[930]: ci-info: |   0   |   0.0.0.0   | 10.0.2.2 |    0.0.0.0    |   enp0s3  |   UG  |
[[   17.862328] cloud-init[930]: ci-info: |   1   |   10.0.2.0  | 0.0.0.0  | 255.255.255.0 |   enp0s3  |   U   |
[0;32m  OK  [0m] Listening on ACPID Listen Socket.
[   17.864741] cloud-init[930]: ci-info: +-------+-------------+----------+---------------+-----------+-------+
[   18.037540] cloud-init[930]: ci-info: +++++++++++++++++++Route IPv6 info+++++++++++++++++++
[[   18.038483] cloud-init[930]: ci-info: +-------+-------------+---------+-----------+-------+
[0;32m  OK  [0m[   18.039424] cloud-init[930]: ci-info: | Route | Destination | Gateway | Interface | Flags |
] [   18.039582] cloud-init[930]: ci-info: +-------+-------------+---------+-----------+-------+
Started ACPI Events Check.
[[   18.039757] cloud-init[930]: ci-info: |   0   |  fe80::/64  |    ::   |   enp0s3  |   U   |
[0;32m  OK  [0m[   18.426350] cloud-init[930]: ci-info: |   3   |   ff00::/8  |    ::   |   enp0s3  |   U   |
] [   18.427025] cloud-init[930]: ci-info: +-------+-------------+---------+-----------+-------+
Reached target Paths.
[[   18.427457] cloud-init[930]: Generating public/private rsa key pair.
[0;32m  OK  [0m[   18.757412] cloud-init[930]: Your identification has been saved in /etc/ssh/ssh_host_rsa_key.
] [   18.758248] cloud-init[930]: Your public key has been saved in /etc/ssh/ssh_host_rsa_key.pub.
Reached target Cloud-config availability.[   18.758391] cloud-init[930]: The key fingerprint is:

[   18.758547] cloud-init[930]: SHA256:CioEk1YFLkZ68uhdvlWy5ol6I2rz0RLCv+IzJwJ69iQ root@ubuntu-xenial
[   18.830120] cloud-init[930]: The key's randomart image is:
[   18.848778] cloud-init[930]: +---[RSA 2048]----+
[[0;32m  OK  [0m] Listening on LXD - unix socket.
[   18.855094] cloud-init[930]: | . oo.           |
[[0;32m  OK  [0m] Listening on Socket activation for snappy daemon.
[[0;32m  OK  [0m] Started iSCSI initiator daemon (iscsid).
[   18.871107] cloud-init[930]: |o.o              |
[   18.903780] cloud-init[930]: |*+..             |
[   18.934682]          Starting Login to default iSCSI targets...
cloud-init[930]: |=*.              |
[   18.993343] [[0;32m  OK  [0m] Reached target Sockets.
cloud-init[[0;32m  OK  [0m] Reached target Basic System.
[930]: [[0;32m  OK  [0m] Started Unattended Upgrades Shutdown.
|.+.... .S.       |
[[0;32m  OK  [0m] Started FUSE filesystem for LXC.
[   19.059740] cloud-init[930]: |+ +.=. .+        |
         Starting Login Service...
[   19.111673] cloud-init[930]: |+.E=.o.+         |
[   19.140294]          cloud-initStarting LSB: Record successful boot for GRUB...[930]: 
|oOo=+o* .        |
[   19.159351] [[0;32m  OK  [0m] Started D-Bus System Message Bus.
cloud-init[930]: |+=X==o.o         |
[   19.196606]          cloud-initStarting Virtualbox guest utils...[930]: 
+----[SHA256]-----+
[   19.244299]          cloud-initStarting Pollinate to seed the pseudo random number generator...[930]: 
Generating public/private dsa key pair.
[   19.245484] cloud-init[930]: Your identification has been saved in /etc/ssh/ssh_host_dsa_key.
[[0;32m  OK  [0m] Started Regular background program processing daemon.
[   19.359553] cloud-init[930]: Your public key has been saved in /etc/ssh/ssh_host_dsa_key.pub.
[   19.424249] cloud-init[930]: The key fingerprint is:
[[0;32m  OK  [0m] Started Deferred execution scheduler.
[   19.457453] cloud-init[930]: SHA256:6uGxJqSdcpGHVwRFUuUmXG+jmebydDnAMZc2VG/9nzY root@ubuntu-xenial
[   19.529517] cloud-init[930]: The key's randomart image is:
         Starting LSB: MD monitoring daemon...
[   19.562653] cloud-init[930]: +---[DSA 1024]----+
[   19.604826]          Starting Snappy daemon...
cloud-init         Starting System Logging Service...
[930]: |      o=+.o ...  |
[   19.648628] [[0;32m  OK  [0m] Started ACPI event daemon.
cloud-init[930]: |       o.o o . ..|
[   19.678108]          Starting /etc/rc.local Compatibility...
cloud-init         Starting Accounts Service...
[930]:          Starting LXD - container startup/shutdown...
|       .o = O   +|
[   19.691733] cloud-init[930]: |        .+ X o ..|
[[0;32m  OK  [0m] Started System Logging Service.
[   19.695454] [[0;32m  OK  [0m] Started /etc/rc.local Compatibility.
cloud-init[930]: |     o .S B     .|
[   19.722576] cloud-init[930]: |    = o. o . .  o|
[   19.752371] cloud-init[930]: |   + =+ . o +  E.|
[   19.805011] [[0;32m  OK  [0m] Started LXD - container startup/shutdown.
cloud-init[[0;32m  OK  [0m[930]: ] |  o =o.+ + . .. .|Started LSB: Record successful boot for GRUB.

[   19.873020] [[0;32m  OK  [0m] Started Login to default iSCSI targets.
cloud-init[[0;32m  OK  [0m] Started Snappy daemon.
[930]: |   o o+   .      |
[   19.889156] cloud-init[930]: +----[SHA256]-----+
[   19.902154] cloud-init[[0;32m  OK  [0m] Started LSB: MD monitoring daemon.
[930]: Generating public/private ecdsa key pair.
[   19.923195] cloud-init[930]: Your identification has been saved in /etc/ssh/ssh_host_ecdsa_key.
[   19.943159] cloud-init[930]: Your public key has been saved in /etc/ssh/ssh_host_ecdsa_key.pub.
[[0;32m  OK  [0m] Started Login Service.
[[0;32m  OK  [0m] Started Pollinate to seed the pseudo random number generator.
[   19.947959] cloud-init[930]: The key fingerprint is:
[   19.975023] cloud-init[930]: SHA256:ZAFNusOQ3s3sNye0WhDGXB00dIyua+LPXVKpggsS1X0 root@ubuntu-xenial
         [   19.975894] cloud-init[930]: The key's randomart image is:
Starting OpenBSD Secure Shell server...[   19.980363] cloud-init[930]: +---[ECDSA 256]---+

[   19.986734]          Starting Authenticate and Authorize Users to Run Privileged Tasks...
cloud-init[930]: |      .+o .+=+.  |
         Starting Wait until snapd is fully seeded...
[[0;32m  OK  [0m] Reached target Remote File Systems (Pre).
[[0;32m  OK  [0m] Reached target Remote File Systems.
[   20.070087] cloud-init[930]: |     . =.+  oo.  |
         Starting LSB: Set the CPU Frequency Scaling governor to "ondemand"...
[   20.164855] cloud-init[930]: |    o o O ..E    |
[   20.197444] cloud-init[930]: |   . = O . ..  . |
[   20.211503]          Starting LSB: automatic crash report generation...
cloud-init         Starting LSB: daemon to balance interrupts for SMP systems...
         Starting Permit User Sessions...
[[0;32m  OK  [0m] Started Virtualbox guest utils.
[[0;32m  OK  [0m] Started Authenticate and Authorize Users to Run Privileged Tasks.
[[0;32m  OK  [0m] Started Accounts Service.
[930]: |    o = S ..  o  |
[[0;32m  OK  [0m] Started Permit User Sessions.
[   20.232582] cloud-init[930]: |     . o +.. o   |
[   20.240215] [[0;32m  OK  [0m] Started OpenBSD Secure Shell server.
cloud-init[930]: |    . . o B.+ .  |
[   20.246054] cloud-init[930]: |     . ..*o* o   |
[[0;32m  OK  [0m] Started LSB: Set the CPU Frequency Scaling governor to "ondemand".
[   20.249611] cloud-init[930]: |       .++o .    |
[   20.262803] cloud-init[930]: +----[SHA256]-----+
[   20.266636] cloud-init[930]: Generating public/private ed25519 key pair.
[   20.271261]          Starting Hold until boot process finishes up...
         Starting Terminate Plymouth Boot Screen...
[[0;32m  OK  [0m] Started LSB: daemon to balance interrupts for SMP systems.
[[0;32m  OK  [0m] Started LSB: automatic crash report generation.
cloud-init[930]: Your identification has been saved in /etc/ssh/ssh_host_ed25519_key.
[   20.282603] [[0;32m  OK  [0m] Started Hold until boot process finishes up.
cloud-init[930]: Your public key has been saved in /etc/ssh/ssh_host_ed25519_key.pub.
         Starting Set console scheme...
[   20.293118] [[0;32m  OK  [0m] Started Getty on tty1.
cloud-init[[0;32m  OK  [0m] Started Serial Getty on ttyS0.
[930]: [[0;32m  OK  [0m] Reached target Login Prompts.
The key fingerprint is:
[[0;32m  OK  [0m] Started Terminate Plymouth Boot Screen.
[[0;32m  OK  [0m] Started Set console scheme.
[   20.327764] cloud-init[930]: SHA256:snZw4OLs4DD4RInyH90QEMzMVHgiwSRMMD/F3YYuseU root@ubuntu-xenial
[   20.367795] cloud-init[930]: The key's randomart image is:
[   20.380553] cloud-init[930]: +--[ED25519 256]--+
[   20.384601] cloud-init[930]: |B+oO==.o         |
[   20.414689] cloud-init[930]: | =o.X.= o        |
[   20.430898] cloud-init[930]: |  o. Oo.         |
[   20.450171] cloud-init[930]: | . oo.Eo         |
[   20.481014] cloud-init[930]: |o o ..= S        |
[   20.498580] cloud-init[930]: |oo o o B         |
[   20.524151] cloud-init[930]: |+ + + + o        |
[   20.541236] cloud-init[930]: | * + o .         |
[   20.566256] cloud-init[930]: |  o o            |
[   20.589998] cloud-init[930]: +----[SHA256]-----+
[[0;32m  OK  [0m] Started Wait until snapd is fully seeded.
[[0;32m  OK  [0m] Reached target Multi-User System.
[[0;32m  OK  [0m] Reached target Graphical Interface.
         Starting Update UTMP about System Runlevel Changes...
         Starting Apply the settings specified in cloud-config...
[[0;32m  OK  [0m] Started Update UTMP about System Runlevel Changes.
[[0;32m  OK  [0m] Created slice User Slice of vagrant.
         Starting User Manager for UID 1000...
[[0;32m  OK  [0m] Started User Manager for UID 1000.
[[0;32m  OK  [0m] Started Session 1 of user vagrant.
[   24.300024] cloud-init[1262]: Generating locales (this might take a while)...
[   25.376138] cloud-init[1262]:   en_US.UTF-8... done
[   25.377529] cloud-init[1262]: Generation complete.
[   25.704717] cloud-init[1262]: Cloud-init v. 18.4-0ubuntu1~16.04.2 running 'modules:config' at Sun, 17 Feb 2019 21:54:18 +0000. Up 24.19 seconds.

Ubuntu 16.04.5 LTS ubuntu-xenial ttyS0

ubuntu-xenial login: ci-info: no authorized ssh keys fingerprints found for user ubuntu.
<14>Feb 17 21:54:21 ec2: 
<14>Feb 17 21:54:21 ec2: #############################################################
<14>Feb 17 21:54:21 ec2: -----BEGIN SSH HOST KEY FINGERPRINTS-----
<14>Feb 17 21:54:21 ec2: 1024 SHA256:6uGxJqSdcpGHVwRFUuUmXG+jmebydDnAMZc2VG/9nzY root@ubuntu-xenial (DSA)
<14>Feb 17 21:54:21 ec2: 256 SHA256:ZAFNusOQ3s3sNye0WhDGXB00dIyua+LPXVKpggsS1X0 root@ubuntu-xenial (ECDSA)
<14>Feb 17 21:54:21 ec2: 256 SHA256:snZw4OLs4DD4RInyH90QEMzMVHgiwSRMMD/F3YYuseU root@ubuntu-xenial (ED25519)
<14>Feb 17 21:54:21 ec2: 2048 SHA256:CioEk1YFLkZ68uhdvlWy5ol6I2rz0RLCv+IzJwJ69iQ root@ubuntu-xenial (RSA)
<14>Feb 17 21:54:21 ec2: -----END SSH HOST KEY FINGERPRINTS-----
<14>Feb 17 21:54:21 ec2: #############################################################
-----BEGIN SSH HOST KEY KEYS-----
ecdsa-sha2-nistp256 AAAAE2VjZHNhLXNoYTItbmlzdHAyNTYAAAAIbmlzdHAyNTYAAABBBG7UnKeQoKf41Jiult3EREHqF7PfhpGFyOnEtDSYOTp+/ncNQeQ07c+nsgwysfOMP6wYwv26ebmiPvZ++1evlxU= root@ubuntu-xenial
ssh-ed25519 AAAAC3NzaC1lZDI1NTE5AAAAIL655sbOEG4KRBnSFJpqz0UlnsT6JVqyEm/c7fXe1+Ev root@ubuntu-xenial
ssh-rsa AAAAB3NzaC1yc2EAAAADAQABAAABAQDSio1gFsSvhQJozYQDNpOW84yAoK6rnN8+GMHwHpiLPPeRTLVRQdFvdr+oRWzcWZT8EZLztfTKodq8T21qsnghLcLeWCcfNpG5j/ZZiPyMOnVrQ3tywWqVxRNa7ZABYetvAMxe/qJITiLRSVmGSyp+iqBvYHCPt231hHMhh1MyNyollAPOTYXUQfp0mWoFRvNAXpViMrts+eskMrM9peAvwifC3bT8XvlzhT8NGcMppKv2DMkdWKbppc8WDiOSTzJR0De7zZH2F2GZOwj3Y6xuJjgRKuR/lgbX5R9+2+6ImvtFwNJafdVhfY/PtbVdITie56pQcNnejk1i31tgnrH1 root@ubuntu-xenial
-----END SSH HOST KEY KEYS-----
[   26.470900] cloud-init[1473]: Cloud-init v. 18.4-0ubuntu1~16.04.2 running 'modules:final' at Sun, 17 Feb 2019 21:54:20 +0000. Up 26.27 seconds.
[   26.471086] cloud-init[1473]: ci-info: no authorized ssh keys fingerprints found for user ubuntu.
[   26.471186] cloud-init[1473]: Cloud-init v. 18.4-0ubuntu1~16.04.2 finished at Sun, 17 Feb 2019 21:54:21 +0000. Datasource DataSourceNoCloud [seed=/dev/sdb][dsmode=net].  Up 26.45 seconds
